#
# There is insufficient memory for the Java Runtime Environment to continue.
# Native memory allocation (mmap) failed to map 264241152 bytes for G1 virtual space
# Possible reasons:
#   The system is out of physical RAM or swap space
#   The process is running with CompressedOops enabled, and the Java Heap may be blocking the growth of the native heap
# Possible solutions:
#   Reduce memory load on the system
#   Increase physical memory or swap space
#   Check if swap backing store is full
#   Decrease Java heap size (-Xmx/-Xms)
#   Decrease number of Java threads
#   Decrease Java thread stack sizes (-Xss)
#   Set larger code cache with -XX:ReservedCodeCacheSize=
#   JVM is running with Zero Based Compressed Oops mode in which the Java heap is
#     placed in the first 32GB address space. The Java Heap base address is the
#     maximum limit for the native heap growth. Please use -XX:HeapBaseMinAddress
#     to set the Java Heap base and to place the Java Heap above 32GB virtual address.
# This output file may be truncated or incomplete.
#
#  Out of Memory Error (os_windows.cpp:3536), pid=14200, tid=12676
#
# JRE version:  (19.0.2+7) (build )
# Java VM: OpenJDK 64-Bit Server VM (19.0.2+7-44, mixed mode, sharing, tiered, compressed oops, compressed class ptrs, g1 gc, windows-amd64)
# No core dump will be written. Minidumps are not enabled by default on client versions of Windows
#

---------------  S U M M A R Y ------------

Command Line: -Dspring.profiles.active=dev -javaagent:C:\Program Files\JetBrains\IntelliJ IDEA Community Edition 2022.1.3\lib\idea_rt.jar=57307:C:\Program Files\JetBrains\IntelliJ IDEA Community Edition 2022.1.3\bin -Dfile.encoding=windows-1251 com.studentportal.helpbot.StudentPortalApplication

Host: 11th Gen Intel(R) Core(TM) i5-1135G7 @ 2.40GHz, 8 cores, 15G,  Windows 10 , 64 bit Build 19041 (10.0.19041.3636)
Time: Tue Apr 23 16:59:38 2024  Windows 10 , 64 bit Build 19041 (10.0.19041.3636) elapsed time: 0.039209 seconds (0d 0h 0m 0s)

---------------  T H R E A D  ---------------

Current thread (0x00000248fd7239a0):  JavaThread "Unknown thread" [_thread_in_vm, id=12676, stack(0x000000fb8ac00000,0x000000fb8ad00000)]

Stack: [0x000000fb8ac00000,0x000000fb8ad00000]
Native frames: (J=compiled Java code, j=interpreted, Vv=VM code, C=native code)
V  [jvm.dll+0x6ee21a]
V  [jvm.dll+0x85765e]
V  [jvm.dll+0x85904e]
V  [jvm.dll+0x859703]
V  [jvm.dll+0x28298f]
V  [jvm.dll+0x6eb009]
V  [jvm.dll+0x6dfbaa]
V  [jvm.dll+0x3573f6]
V  [jvm.dll+0x35ee56]
V  [jvm.dll+0x3b541e]
V  [jvm.dll+0x3b564f]
V  [jvm.dll+0x32c9ea]
V  [jvm.dll+0x32d89e]
V  [jvm.dll+0x821780]
V  [jvm.dll+0x3c2661]
V  [jvm.dll+0x801f51]
V  [jvm.dll+0x44ae8f]
V  [jvm.dll+0x44c811]
C  [jli.dll+0x5287]
C  [ucrtbase.dll+0x21bb2]
C  [KERNEL32.DLL+0x17344]
C  [ntdll.dll+0x526b1]


---------------  P R O C E S S  ---------------

Threads class SMR info:
_java_thread_list=0x00007ffe983ed048, length=0, elements={
}

Java Threads: ( => current thread )

Other Threads:
  0x00000248fd790940 WorkerThread "GC Thread#0" [stack: 0x000000fb8ad00000,0x000000fb8ae00000] [id=24056]
  0x00000248fd7a2ad0 ConcurrentGCThread "G1 Main Marker" [stack: 0x000000fb8ae00000,0x000000fb8af00000] [id=20676]
  0x00000248fd7a35b0 WorkerThread "G1 Conc#0" [stack: 0x000000fb8af00000,0x000000fb8b000000] [id=26536]

[error occurred during error reporting (printing all threads), id 0xc0000005, EXCEPTION_ACCESS_VIOLATION (0xc0000005) at pc=0x00007ffe97bad427]

VM state: not at safepoint (not fully initialized)

VM Mutex/Monitor currently owned by a thread:  ([mutex/lock_event])
[0x00000248fd721f50] Heap_lock - owner thread: 0x00000248fd7239a0

Heap address: 0x0000000705000000, size: 4016 MB, Compressed Oops mode: Zero based, Oop shift amount: 3

CDS archive(s) mapped at: [0x0000000000000000-0x0000000000000000-0x0000000000000000), size 0, SharedBaseAddress: 0x0000000800000000, ArchiveRelocationMode: 0.
Narrow klass base: 0x0000000000000000, Narrow klass shift: 0, Narrow klass range: 0x0

GC Precious Log:
 CardTable entry size: 512
 Card Set container configuration: InlinePtr #cards 4 size 8 Array Of Cards #cards 16 size 48 Howl #buckets 8 coarsen threshold 3686 Howl Bitmap #cards 512 size 80 coarsen threshold 460 Card regions per heap region 1 cards per card region 4096

Heap:
 garbage-first heap   total 0K, used 0K [0x0000000705000000, 0x0000000800000000)
  region size 2048K, 0 young (0K), 0 survivors (0K)

[error occurred during error reporting (printing heap information), id 0xc0000005, EXCEPTION_ACCESS_VIOLATION (0xc0000005) at pc=0x00007ffe97fb6649]

GC Heap History (0 events):
No events

Dll operation events (1 events):
Event: 0.025 Loaded shared library C:\Users\esine\.jdks\openjdk-19.0.2\bin\java.dll

Deoptimization events (0 events):
No events

Classes loaded (0 events):
No events

Classes unloaded (0 events):
No events

Classes redefined (0 events):
No events

Internal exceptions (0 events):
No events

VM Operations (0 events):
No events

Events (0 events):
No events


Dynamic libraries:
0x00007ff7ffc50000 - 0x00007ff7ffc5e000 	C:\Users\esine\.jdks\openjdk-19.0.2\bin\java.exe
0x00007fff49830000 - 0x00007fff49a28000 	C:\Windows\SYSTEM32\ntdll.dll
0x00007fff47f30000 - 0x00007fff47fed000 	C:\Windows\System32\KERNEL32.DLL
0x00007fff47030000 - 0x00007fff47326000 	C:\Windows\System32\KERNELBASE.dll
0x00007fff47430000 - 0x00007fff47530000 	C:\Windows\System32\ucrtbase.dll
0x00007fff193a0000 - 0x00007fff193b7000 	C:\Users\esine\.jdks\openjdk-19.0.2\bin\jli.dll
0x00007fff19310000 - 0x00007fff1932b000 	C:\Users\esine\.jdks\openjdk-19.0.2\bin\VCRUNTIME140.dll
0x00007fff48cd0000 - 0x00007fff48e6e000 	C:\Windows\System32\USER32.dll
0x00007fff47830000 - 0x00007fff47852000 	C:\Windows\System32\win32u.dll
0x00007fff462f0000 - 0x00007fff4658a000 	C:\Windows\WinSxS\amd64_microsoft.windows.common-controls_6595b64144ccf1df_6.0.19041.3636_none_60b6a03d71f818d5\COMCTL32.dll
0x00007fff48ca0000 - 0x00007fff48ccc000 	C:\Windows\System32\GDI32.dll
0x00007fff48180000 - 0x00007fff4821e000 	C:\Windows\System32\msvcrt.dll
0x00007fff46f10000 - 0x00007fff4702a000 	C:\Windows\System32\gdi32full.dll
0x00007fff47790000 - 0x00007fff4782d000 	C:\Windows\System32\msvcp_win.dll
0x00007fff480a0000 - 0x00007fff480d0000 	C:\Windows\System32\IMM32.DLL
0x00007fff29280000 - 0x00007fff2928c000 	C:\Users\esine\.jdks\openjdk-19.0.2\bin\vcruntime140_1.dll
0x00007ffef4640000 - 0x00007ffef46ce000 	C:\Users\esine\.jdks\openjdk-19.0.2\bin\msvcp140.dll
0x00007ffe97870000 - 0x00007ffe98530000 	C:\Users\esine\.jdks\openjdk-19.0.2\bin\server\jvm.dll
0x00007fff478f0000 - 0x00007fff4799f000 	C:\Windows\System32\ADVAPI32.dll
0x00007fff47d00000 - 0x00007fff47d9c000 	C:\Windows\System32\sechost.dll
0x00007fff48230000 - 0x00007fff48356000 	C:\Windows\System32\RPCRT4.dll
0x00007fff23c60000 - 0x00007fff23c69000 	C:\Windows\SYSTEM32\WSOCK32.dll
0x00007fff48510000 - 0x00007fff4857b000 	C:\Windows\System32\WS2_32.dll
0x00007fff33810000 - 0x00007fff33837000 	C:\Windows\SYSTEM32\WINMM.dll
0x00007fff3dcd0000 - 0x00007fff3dcda000 	C:\Windows\SYSTEM32\VERSION.dll
0x00007fff450f0000 - 0x00007fff45102000 	C:\Windows\SYSTEM32\kernel.appcore.dll
0x00007fff250f0000 - 0x00007fff250fa000 	C:\Users\esine\.jdks\openjdk-19.0.2\bin\jimage.dll
0x00007fff46970000 - 0x00007fff46b54000 	C:\Windows\SYSTEM32\DBGHELP.DLL
0x00007fff466c0000 - 0x00007fff466f4000 	C:\Windows\SYSTEM32\dbgcore.DLL
0x00007fff47330000 - 0x00007fff473b2000 	C:\Windows\System32\bcryptPrimitives.dll
0x00007fff41ff0000 - 0x00007fff41ffe000 	C:\Users\esine\.jdks\openjdk-19.0.2\bin\instrument.dll
0x00007fff190f0000 - 0x00007fff19116000 	C:\Users\esine\.jdks\openjdk-19.0.2\bin\java.dll

dbghelp: loaded successfully - version: 4.0.5 - missing functions: none
symbol engine: initialized successfully - sym options: 0x614 - pdb path: .;C:\Users\esine\.jdks\openjdk-19.0.2\bin;C:\Windows\SYSTEM32;C:\Windows\WinSxS\amd64_microsoft.windows.common-controls_6595b64144ccf1df_6.0.19041.3636_none_60b6a03d71f818d5;C:\Users\esine\.jdks\openjdk-19.0.2\bin\server

VM Arguments:
jvm_args: -Dspring.profiles.active=dev -javaagent:C:\Program Files\JetBrains\IntelliJ IDEA Community Edition 2022.1.3\lib\idea_rt.jar=57307:C:\Program Files\JetBrains\IntelliJ IDEA Community Edition 2022.1.3\bin -Dfile.encoding=windows-1251 
java_command: com.studentportal.helpbot.StudentPortalApplication
java_class_path (initial): E:\Java\Student-Portal\target\classes;C:\Users\esine\.m2\repository\org\springframework\boot\spring-boot-starter\2.7.8\spring-boot-starter-2.7.8.jar;C:\Users\esine\.m2\repository\org\springframework\boot\spring-boot-starter-logging\2.7.8\spring-boot-starter-logging-2.7.8.jar;C:\Users\esine\.m2\repository\ch\qos\logback\logback-classic\1.2.11\logback-classic-1.2.11.jar;C:\Users\esine\.m2\repository\ch\qos\logback\logback-core\1.2.11\logback-core-1.2.11.jar;C:\Users\esine\.m2\repository\org\apache\logging\log4j\log4j-to-slf4j\2.17.2\log4j-to-slf4j-2.17.2.jar;C:\Users\esine\.m2\repository\org\apache\logging\log4j\log4j-api\2.17.2\log4j-api-2.17.2.jar;C:\Users\esine\.m2\repository\org\slf4j\jul-to-slf4j\1.7.36\jul-to-slf4j-1.7.36.jar;C:\Users\esine\.m2\repository\jakarta\annotation\jakarta.annotation-api\1.3.5\jakarta.annotation-api-1.3.5.jar;C:\Users\esine\.m2\repository\org\yaml\snakeyaml\1.30\snakeyaml-1.30.jar;C:\Users\esine\.m2\repository\jakarta\xml\bind\jakarta.xml.bind-api\2.3.3\jakarta.xml.bind-api-2.3.3.jar;C:\Users\esine\.m2\repository\jakarta\activation\jakarta.activation-api\1.2.2\jakarta.activation-api-1.2.2.jar;C:\Users\esine\.m2\repository\org\hamcrest\hamcrest\2.2\hamcrest-2.2.jar;C:\Users\esine\.m2\repository\org\junit\jupiter\junit-jupiter-api\5.8.2\junit-jupiter-api-5.8.2.jar;C:\Users\esine\.m2\repository\org\opentest4j\opentest4j\1.2.0\opentest4j-1.2.0.jar;C:\Users\esine\.m2\repository\org\junit\platform\junit-platform-commons\1.8.2\junit-platform-commons-1.8.2.jar;C:\Users\esine\.m2\repository\net\bytebuddy\byte-buddy\1.12.22\byte-buddy-1.12.22.jar;C:\Users\esine\.m2\repository\org\springframework\spring-core\5.3.25\spring-core-5.3.25.jar;C:\Users\esine\.m2\repository\org\springframework\spring-jcl\5.3.25\spring-jcl-5.3.25.jar;C:\Users\esine\.m2\repository\org\telegram\telegrambots-spring-boot-starter\6.3.0\telegrambots-spring-boot-starter-6.3.0.jar;C:\Users\esine\.m2\repository\org\telegram\telegrambots\6.3.0\telegrambots-6.3.0.jar;C:\Users\esine\.m2\repository\org\telegram\telegrambots-meta\6.3.0\telegrambots-meta-6.3.0.jar;C:\Users\esine\.m2\repository\com\google\guava\guava\31.1-jre\guava-31.1-jre.jar;C:\Users\esine\.m2\repository\com\google\guava\failureaccess\1.0.1\failureaccess-1.0.1.jar;C:\Users\esine\.m2\repository\com\google\guava\listenablefuture\9999.0-empty-to-avoid-conflict-with-guava\listenablefuture-9999.0-empty-to-avoid-conflict-with-guava.jar;C:\Users\esine\.m2\repository\com\google\code\findbugs\jsr305\3.0.2\jsr305-3.0.2.jar;C:\Users\esine\.m2\repository\org\checkerframework\checker-qual\3.12.0\checker-qual-3.12.0.jar;C:\Users\esine\.m2\repository\com\google\errorprone\error_prone_annotations\2.11.0\error_prone_annotations-2.11.0.jar;C:\Users\esine\.m2\repository\com\google\j2objc\j2objc-annotations\1.3\j2objc-annotations-1.3.jar;C:\Users\esine\.m2\repository\com\fasterxml\jackson\jaxrs\jackson-jaxrs-json-provider\2.13.4\jackson-jaxrs-json-provider-2.13.4.jar;C:\Users\esine\.m2\repository\com\fasterxml\jackson\jaxrs\jackson-jaxrs-base\2.13.4\jackson-jaxrs-base-2.13.4.jar;C:\Users\esine\.m2\repository\com\fasterxml\jackson\module\jackson-module-jaxb-annotations\2.13.4\jackson-module-jaxb-annotations-2.13.4.jar;C:\Users\esine\.m2\repository\org\glassfish\jersey\inject\jersey-hk2\2.35\jersey-hk2-2.35.jar;C:\Users\esine\.m2\repository\org\glassfish\jersey\core\jersey-common\2.35\jersey-common-2.35.jar;C:\Users\esine\.m2\repository\org\glassfish\hk2\osgi-resource-locator\1.0.3\osgi-resource-locator-1.0.3.jar;C:\Users\esine\.m2\repository\org\glassfish\hk2\hk2-locator\2.6.1\hk2-locator-2.6.1.jar;C:\Users\esine\.m2\repository\org\glassfish\hk2\external\aopalliance-repackaged\2.6.1\aopalliance-repackaged-2.6.1.jar;C:\Users\esine\.m2\repository\org\glassfish\hk2\hk2-api\2.6.1\hk2-api-2.6.1.jar;C:\Users\esine\.m2\repository\org\glassfish\hk2\hk2-utils\2.6.1\hk2-utils-2.6.1.jar;C:\Users\esine\.m2\repository\org\javassist\javassist\3.25.0-GA\javassist-3.25.0-GA.jar;C:\Users\esine\.m2\repository\org\glassfish\jersey\media\jersey-media-json-jackson\2.35\jersey-media-json-jackson-2.35.jar;C:\Users\esine\.m2\repository\org\glassfish\jersey\ext\jersey-entity-filtering\2.35\jersey-entity-filtering-2.35.jar;C:\Users\esine\.m2\repository\org\glassfish\jersey\containers\jersey-container-grizzly2-http\2.35\jersey-container-grizzly2-http-2.35.jar;C:\Users\esine\.m2\repository\org\glassfish\hk2\external\jakarta.inject\2.6.1\jakarta.inject-2.6.1.jar;C:\Users\esine\.m2\repository\org\glassfish\grizzly\grizzly-http-server\2.4.4\grizzly-http-server-2.4.4.jar;C:\Users\esine\.m2\repository\org\glassfish\grizzly\grizzly-http\2.4.4\grizzly-http-2.4.4.jar;C:\Users\esine\.m2\repository\org\glassfish\grizzly\grizzly-framework\2.4.4\grizzly-framework-2.4.4.jar;C:\Users\esine\.m2\repository\jakarta\ws\rs\jakarta.ws.rs-api\2.1.6\jakarta.ws.rs-api-2.1.6.jar;C:\Users\esine\.m2\repository\org\glassfish\jersey\core\jersey-server\2.35\jersey-server-2.35.jar;C:\Users\esine\.m2\repository\org\glassfish\jersey\core\jersey-client\2.35\jersey-client-2.35.jar;C:\Users\esine\.m2\repository\jakarta\validation\jakarta.validation-api\2.0.2\jakarta.validation-api-2.0.2.jar;C:\Users\esine\.m2\repository\org\apache\httpcomponents\httpclient\4.5.14\httpclient-4.5.14.jar;C:\Users\esine\.m2\repository\org\apache\httpcomponents\httpcore\4.4.16\httpcore-4.4.16.jar;C:\Users\esine\.m2\repository\commons-codec\commons-codec\1.15\commons-codec-1.15.jar;C:\Users\esine\.m2\repository\org\apache\httpcomponents\httpmime\4.5.14\httpmime-4.5.14.jar;C:\Users\esine\.m2\repository\commons-io\commons-io\2.11.0\commons-io-2.11.0.jar;C:\Users\esine\.m2\repository\org\springframework\boot\spring-boot\2.7.8\spring-boot-2.7.8.jar;C:\Users\esine\.m2\repository\org\springframework\spring-context\5.3.25\spring-context-5.3.25.jar;C:\Users\esine\.m2\repository\org\springframework\boot\spring-boot-autoconfigure\2.7.8\spring-boot-autoconfigure-2.7.8.jar;C:\Users\esine\.m2\repository\org\junit\jupiter\junit-jupiter-engine\5.8.2\junit-jupiter-engine-5.8.2.jar;C:\Users\esine\.m2\repository\org\junit\platform\junit-platform-engine\1.8.2\junit-platform-engine-1.8.2.jar;C:\Users\esine\.m2\repository\org\apiguardian\apiguardian-api\1.1.2\apiguardian-api-1.1.2.jar;C:\Users\esine\.m2\repository\org\slf4j\slf4j-api\1.7.36\slf4j-api-1.7.36.jar;C:\Users\esine\.m2\repository\com\vdurmont\emoji-java\5.1.1\emoji-java-5.1.1.jar;C:\Users\esine\.m2\repository\org\json\json\20170516\json-20170516.jar;C:\Users\esine\.m2\repository\org\projectlombok\lombok\1.18.24\lombok-1.18.24.jar;C:\Users\esine\.m2\repository\org\springframework\boot\spring-boot-starter-web\2.7.8\spring-boot-starter-web-2.7.8.jar;C:\Users\esine\.m2\repository\org\springframework\boot\spring-boot-starter-json\2.7.8\spring-boot-starter-json-2.7.8.jar;C:\Users\esine\.m2\repository\com\fasterxml\jackson\datatype\jackson-datatype-jdk8\2.13.4\jackson-datatype-jdk8-2.13.4.jar;C:\Users\esine\.m2\repository\com\fasterxml\jackson\datatype\jackson-datatype-jsr310\2.13.4\jackson-datatype-jsr310-2.13.4.jar;C:\Users\esine\.m2\repository\com\fasterxml\jackson\module\jackson-module-parameter-names\2.13.4\jackson-module-parameter-names-2.13.4.jar;C:\Users\esine\.m2\repository\org\springframework\boot\spring-boot-starter-tomcat\2.7.8\spring-boot-starter-tomcat-2.7.8.jar;C:\Users\esine\.m2\repository\org\apache\tomcat\embed\tomcat-embed-core\9.0.71\tomcat-embed-core-9.0.71.jar;C:\Users\esine\.m2\repository\org\apache\tomcat\embed\tomcat-embed-el\9.0.71\tomcat-embed-el-9.0.71.jar;C:\Users\esine\.m2\repository\org\apache\tomcat\embed\tomcat-embed-websocket\9.0.71\tomcat-embed-websocket-9.0.71.jar;C:\Users\esine\.m2\repository\org\springframework\spring-web\5.3.25\spring-web-5.3.25.jar;C:\Users\esine\.m2\repository\org\springframework\spring-beans\5.3.25\spring-beans-5.3.25.jar;C:\Users\esine\.m2\repository\org\springframework\spring-webmvc\5.3.25\spring-webmvc-5.3.25.jar;C:\Users\esine\.m2\repository\org\springframework\spring-aop\5.3.25\spring-aop-5.3.25.jar;C:\Users\esine\.m2\repository\org\springframework\spring-expression\5.3.25\spring-expression-5.3.25.jar;C:\Users\esine\.m2\repository\org\hibernate\javax\persistence\hibernate-jpa-2.1-api\1.0.2.Final\hibernate-jpa-2.1-api-1.0.2.Final.jar;C:\Users\esine\.m2\repository\com\github\pengrad\java-telegram-bot-api\6.2.0\java-telegram-bot-api-6.2.0.jar;C:\Users\esine\.m2\repository\com\google\code\gson\gson\2.9.1\gson-2.9.1.jar;C:\Users\esine\.m2\repository\com\squareup\okhttp3\logging-interceptor\4.9.3\logging-interceptor-4.9.3.jar;C:\Users\esine\.m2\repository\org\jetbrains\kotlin\kotlin-stdlib-jdk8\1.6.21\kotlin-stdlib-jdk8-1.6.21.jar;C:\Users\esine\.m2\repository\org\jetbrains\kotlin\kotlin-stdlib-jdk7\1.6.21\kotlin-stdlib-jdk7-1.6.21.jar;C:\Users\esine\.m2\repository\com\squareup\okhttp3\okhttp\4.2.2\okhttp-4.2.2.jar;C:\Users\esine\.m2\repository\com\squareup\okio\okio\2.2.2\okio-2.2.2.jar;C:\Users\esine\.m2\repository\org\jetbrains\kotlin\kotlin-stdlib\1.6.21\kotlin-stdlib-1.6.21.jar;C:\Users\esine\.m2\repository\org\jetbrains\kotlin\kotlin-stdlib-common\1.6.21\kotlin-stdlib-common-1.6.21.jar;C:\Users\esine\.m2\repository\org\jetbrains\annotations\13.0\annotations-13.0.jar;C:\Users\esine\.m2\repository\org\springframework\boot\spring-boot-starter-data-jpa\2.7.8\spring-boot-starter-data-jpa-2.7.8.jar;C:\Users\esine\.m2\repository\org\springframework\boot\spring-boot-starter-aop\2.7.8\spring-boot-starter-aop-2.7.8.jar;C:\Users\esine\.m2\repository\org\aspectj\aspectjweaver\1.9.7\aspectjweaver-1.9.7.jar;C:\Users\esine\.m2\repository\org\springframework\boot\spring-boot-starter-jdbc\2.7.8\spring-boot-starter-jdbc-2.7.8.jar;C:\Users\esine\.m2\repository\com\zaxxer\HikariCP\4.0.3\HikariCP-4.0.3.jar;C:\Users\esine\.m2\repository\org\springframework\spring-jdbc\5.3.25\spring-jdbc-5.3.25.jar;C:\Users\esine\.m2\repository\jakarta\transaction\jakarta.transaction-api\1.3.3\jakarta.transaction-api-1.3.3.jar;C:\Users\esine\.m2\repository\jakarta\persistence\jakarta.persistence-api\2.2.3\jakarta.persistence-api-2.2.3.jar;C:\Users\esine\.m2\repository\org\hibernate\hibernate-core\5.6.14.Final\hibernate-core-5.6.14.Final.jar;C:\Users\esine\.m2\repository\org\jboss\logging\jboss-logging\3.4.3.Final\jboss-logging-3.4.3.Final.jar;C:\Users\esine\.m2\repository\antlr\antlr\2.7.7\antlr-2.7.7.jar;C:\Users\esine\.m2\repository\org\jboss\jandex\2.4.2.Final\jandex-2.4.2.Final.jar;C:\Users\esine\.m2\repository\com\fasterxml\classmate\1.5.1\classmate-1.5.1.jar;C:\Users\esine\.m2\repository\org\hibernate\common\hibernate-commons-annotations\5.1.2.Final\hibernate-commons-annotations-5.1.2.Final.jar;C:\Users\esine\.m2\repository\org\glassfish\jaxb\jaxb-runtime\2.3.7\jaxb-runtime-2.3.7.jar;C:\Users\esine\.m2\repository\org\glassfish\jaxb\txw2\2.3.7\txw2-2.3.7.jar;C:\Users\esine\.m2\repository\com\sun\istack\istack-commons-runtime\3.0.12\istack-commons-runtime-3.0.12.jar;C:\Users\esine\.m2\repository\com\sun\activation\jakarta.activation\1.2.2\jakarta.activation-1.2.2.jar;C:\Users\esine\.m2\repository\org\springframework\data\spring-data-jpa\2.7.7\spring-data-jpa-2.7.7.jar;C:\Users\esine\.m2\repository\org\springframework\data\spring-data-commons\2.7.7\spring-data-commons-2.7.7.jar;C:\Users\esine\.m2\repository\org\springframework\spring-orm\5.3.25\spring-orm-5.3.25.jar;C:\Users\esine\.m2\repository\org\springframework\spring-tx\5.3.25\spring-tx-5.3.25.jar;C:\Users\esine\.m2\repository\org\springframework\spring-aspects\5.3.25\spring-aspects-5.3.25.jar;C:\Users\esine\.m2\repository\com\googlecode\json-simple\json-simple\1.1.1\json-simple-1.1.1.jar;C:\Users\esine\.m2\repository\junit\junit\4.13.2\junit-4.13.2.jar;C:\Users\esine\.m2\repository\org\hamcrest\hamcrest-core\2.2\hamcrest-core-2.2.jar;C:\Users\esine\.m2\repository\com\fasterxml\jackson\core\jackson-databind\2.12.4\jackson-databind-2.12.4.jar;C:\Users\esine\.m2\repository\com\fasterxml\jackson\core\jackson-annotations\2.13.4\jackson-annotations-2.13.4.jar;C:\Users\esine\.m2\repository\com\fasterxml\jackson\core\jackson-core\2.13.4\jackson-core-2.13.4.jar;C:\Users\esine\.m2\repository\io\github\cdimascio\dotenv-java\2.2.0\dotenv-java-2.2.0.jar;C:\Users\esine\.m2\repository\com\mysql\mysql-connector-j\8.0.33\mysql-connector-j-8.0.33.jar
Launcher Type: SUN_STANDARD

[Global flags]
     intx CICompilerCount                          = 4                                         {product} {ergonomic}
     uint ConcGCThreads                            = 2                                         {product} {ergonomic}
     uint G1ConcRefinementThreads                  = 8                                         {product} {ergonomic}
   size_t G1HeapRegionSize                         = 2097152                                   {product} {ergonomic}
    uintx GCDrainStackTargetSize                   = 64                                        {product} {ergonomic}
   size_t InitialHeapSize                          = 264241152                                 {product} {ergonomic}
   size_t MarkStackSize                            = 4194304                                   {product} {ergonomic}
   size_t MaxHeapSize                              = 4211081216                                {product} {ergonomic}
   size_t MinHeapDeltaBytes                        = 2097152                                   {product} {ergonomic}
   size_t MinHeapSize                              = 8388608                                   {product} {ergonomic}
    uintx NonNMethodCodeHeapSize                   = 5839372                                {pd product} {ergonomic}
    uintx NonProfiledCodeHeapSize                  = 122909434                              {pd product} {ergonomic}
    uintx ProfiledCodeHeapSize                     = 122909434                              {pd product} {ergonomic}
    uintx ReservedCodeCacheSize                    = 251658240                              {pd product} {ergonomic}
     bool SegmentedCodeCache                       = true                                      {product} {ergonomic}
   size_t SoftMaxHeapSize                          = 4211081216                             {manageable} {ergonomic}
     bool UseCompressedClassPointers               = true                           {product lp64_product} {ergonomic}
     bool UseCompressedOops                        = true                           {product lp64_product} {ergonomic}
     bool UseG1GC                                  = true                                      {product} {ergonomic}
     bool UseLargePagesIndividualAllocation        = false                                  {pd product} {ergonomic}

Logging:
Log output configuration:
 #0: stdout all=warning uptime,level,tags foldmultilines=false
 #1: stderr all=off uptime,level,tags foldmultilines=false

Environment Variables:
PATH=C:\Program Files\Eclipse Foundation\jdk-8.0.302.8-hotspot\bin;C:\Program Files\Common Files\Oracle\Java\javapath;C:\Windows\system32;C:\Windows;C:\Windows\System32\Wbem;C:\Windows\System32\WindowsPowerShell\v1.0\;C:\Windows\System32\OpenSSH\;C:\Program Files\Microsoft SQL Server\130\Tools\Binn\;C:\Program Files\Microsoft SQL Server\Client SDK\ODBC\170\Tools\Binn\;C:\Program Files\Git\cmd;C:\Program Files\dotnet\;C:\Program Files (x86)\dotnet\;C:\Program Files\nodejs\;c:\altera\91sp2\quartus\bin;C:\php-8.2.12;C:\Users\esine\AppData\Local\Microsoft\WindowsApps;C:\Users\esine\AppData\Local\GitHubDesktop\bin;E:\web\Microsoft VS Code\bin;C:\Users\esine\.dotnet\tools;C:\Users\esine\AppData\Roaming\npm;C:\Program Files\JetBrains\PyCharm 2023.2.1\bin;;E:\IU\Web\xampp\php\php.exe;C:\Users\esine\AppData\Local\Programs\Python\Python311\Scripts\;C:\Users\esine\AppData\Local\Programs\Python\Python311\;C:\sqlite3.exe;C:\Program Files\heroku\bin;C:\Users\esine\xampp\mysql\bin\mysql.exe;C:\Users\esine\google-cloud-sdk\bin
USERNAME=esine
OS=Windows_NT
PROCESSOR_IDENTIFIER=Intel64 Family 6 Model 140 Stepping 1, GenuineIntel
TMP=C:\Users\esine\AppData\Local\Temp
TEMP=C:\Users\esine\AppData\Local\Temp



---------------  S Y S T E M  ---------------

OS:
 Windows 10 , 64 bit Build 19041 (10.0.19041.3636)
OS uptime: 1 days 8:32 hours

CPU: total 8 (initial active 8) (4 cores per cpu, 2 threads per core) family 6 model 140 stepping 1 microcode 0x86, cx8, cmov, fxsr, ht, mmx, 3dnowpref, sse, sse2, sse3, ssse3, sse4.1, sse4.2, popcnt, lzcnt, tsc, tscinvbit, avx, avx2, aes, erms, clmul, bmi1, bmi2, adx, avx512f, avx512dq, avx512cd, avx512bw, avx512vl, sha, fma, vzeroupper, avx512_vpopcntdq, avx512_vpclmulqdq, avx512_vaes, avx512_vnni, clflush, clflushopt, clwb, avx512_vbmi2, avx512_vbmi, rdtscp, rdpid, fsrm, gfni, avx512_bitalg

Memory: 4k page, system-wide physical 16062M (3066M free)
TotalPageFile size 23017M (AvailPageFile size 219M)
current process WorkingSet (physical memory assigned to process): 11M, peak: 11M
current process commit charge ("private bytes"): 60M, peak: 312M

vm_info: OpenJDK 64-Bit Server VM (19.0.2+7-44) for windows-amd64 JRE (19.0.2+7-44), built on 2022-11-30T18:02:09Z by "mach5one" with MS VC++ 17.1 (VS2022)

END.
